<?xml version="1.0" encoding="UTF-8"?>
<testsuite name="test.pivotal.pal.tracker.WelcomeControllerTest" tests="1" skipped="0" failures="0" errors="0" timestamp="2019-04-25T06:32:03" hostname="D-441001908" time="0.008">
  <properties/>
  <testcase name="itSaysHello" classname="test.pivotal.pal.tracker.WelcomeControllerTest" time="0.008"/>
  <system-out><![CDATA[]]></system-out>
  <system-err><![CDATA[]]></system-err>
</testsuite>
