<?xml version="1.0" encoding="UTF-8"?>
<testsuite name="test.pivotal.pal.trackerapi.WelcomeApiTest" tests="1" skipped="0" failures="0" errors="0" timestamp="2019-04-25T06:32:11" hostname="D-441001908" time="0.049">
  <properties/>
  <testcase name="exampleTest" classname="test.pivotal.pal.trackerapi.WelcomeApiTest" time="0.049"/>
  <system-out><![CDATA[2019-04-25 12:02:11.558  INFO 14740 --- [    Test worker] .b.t.c.SpringBootTestContextBootstrapper : Neither @ContextConfiguration nor @ContextHierarchy found for test class [test.pivotal.pal.trackerapi.WelcomeApiTest], using SpringBootContextLoader
2019-04-25 12:02:11.559  INFO 14740 --- [    Test worker] o.s.t.c.support.AbstractContextLoader    : Could not detect default resource locations for test class [test.pivotal.pal.trackerapi.WelcomeApiTest]: no resource found for suffixes {-context.xml, Context.groovy}.
2019-04-25 12:02:11.562  INFO 14740 --- [    Test worker] .b.t.c.SpringBootTestContextBootstrapper : Loaded default TestExecutionListener class names from location [META-INF/spring.factories]: [org.springframework.boot.test.autoconfigure.restdocs.RestDocsTestExecutionListener, org.springframework.boot.test.autoconfigure.web.client.MockRestServiceServerResetTestExecutionListener, org.springframework.boot.test.autoconfigure.web.servlet.MockMvcPrintOnlyOnFailureTestExecutionListener, org.springframework.boot.test.autoconfigure.web.servlet.WebDriverTestExecutionListener, org.springframework.boot.test.mock.mockito.MockitoTestExecutionListener, org.springframework.boot.test.mock.mockito.ResetMocksTestExecutionListener, org.springframework.test.context.web.ServletTestExecutionListener, org.springframework.test.context.support.DirtiesContextBeforeModesTestExecutionListener, org.springframework.test.context.support.DependencyInjectionTestExecutionListener, org.springframework.test.context.support.DirtiesContextTestExecutionListener, org.springframework.test.context.transaction.TransactionalTestExecutionListener, org.springframework.test.context.jdbc.SqlScriptsTestExecutionListener]
2019-04-25 12:02:11.564  INFO 14740 --- [    Test worker] .b.t.c.SpringBootTestContextBootstrapper : Using TestExecutionListeners: [org.springframework.test.context.web.ServletTestExecutionListener@3fede6f4, org.springframework.test.context.support.DirtiesContextBeforeModesTestExecutionListener@1bb0a179, org.springframework.boot.test.mock.mockito.MockitoTestExecutionListener@1c330546, org.springframework.boot.test.autoconfigure.SpringBootDependencyInjectionTestExecutionListener@76375d1c, org.springframework.test.context.support.DirtiesContextTestExecutionListener@26bdcf68, org.springframework.boot.test.autoconfigure.restdocs.RestDocsTestExecutionListener@389819af, org.springframework.boot.test.autoconfigure.web.client.MockRestServiceServerResetTestExecutionListener@3c8522cf, org.springframework.boot.test.autoconfigure.web.servlet.MockMvcPrintOnlyOnFailureTestExecutionListener@709657fe, org.springframework.boot.test.autoconfigure.web.servlet.WebDriverTestExecutionListener@3898100b, org.springframework.boot.test.mock.mockito.ResetMocksTestExecutionListener@40b533d6]
]]></system-out>
  <system-err><![CDATA[]]></system-err>
</testsuite>
